<?xml version="1.0" encoding="UTF-8"?>
<testsuite xmlns:xsi="http://www.w3.org/2001/XMLSchema-instance" xsi:noNamespaceSchemaLocation="https://maven.apache.org/surefire/maven-surefire-plugin/xsd/surefire-test-report.xsd" name="com.example.back.sys.service.RoomServiceTest" time="0.025" tests="3" errors="0" skipped="0" failures="0">
  <properties>
    <property name="sun.desktop" value="windows"/>
    <property name="awt.toolkit" value="sun.awt.windows.WToolkit"/>
    <property name="file.encoding.pkg" value="sun.io"/>
    <property name="java.specification.version" value="1.8"/>
    <property name="sun.cpu.isalist" value="amd64"/>
    <property name="sun.jnu.encoding" value="GBK"/>
    <property name="java.class.path" value="D:\个人\课\软件实践\2\Sept-2-tomato\target\test-classes;D:\个人\课\软件实践\2\Sept-2-tomato\target\classes;D:\杂鱼\apache-maven-3.9.1\mvn_reps\org\springframework\boot\spring-boot-starter-web\3.0.5\spring-boot-starter-web-3.0.5.jar;D:\杂鱼\apache-maven-3.9.1\mvn_reps\org\springframework\boot\spring-boot-starter-json\2.7.6\spring-boot-starter-json-2.7.6.jar;D:\杂鱼\apache-maven-3.9.1\mvn_reps\com\fasterxml\jackson\datatype\jackson-datatype-jdk8\2.13.4\jackson-datatype-jdk8-2.13.4.jar;D:\杂鱼\apache-maven-3.9.1\mvn_reps\com\fasterxml\jackson\datatype\jackson-datatype-jsr310\2.13.4\jackson-datatype-jsr310-2.13.4.jar;D:\杂鱼\apache-maven-3.9.1\mvn_reps\com\fasterxml\jackson\module\jackson-module-parameter-names\2.13.4\jackson-module-parameter-names-2.13.4.jar;D:\杂鱼\apache-maven-3.9.1\mvn_reps\org\springframework\boot\spring-boot-starter-tomcat\2.7.6\spring-boot-starter-tomcat-2.7.6.jar;D:\杂鱼\apache-maven-3.9.1\mvn_reps\org\apache\tomcat\embed\tomcat-embed-core\9.0.69\tomcat-embed-core-9.0.69.jar;D:\杂鱼\apache-maven-3.9.1\mvn_reps\org\apache\tomcat\embed\tomcat-embed-el\9.0.69\tomcat-embed-el-9.0.69.jar;D:\杂鱼\apache-maven-3.9.1\mvn_reps\org\apache\tomcat\embed\tomcat-embed-websocket\9.0.69\tomcat-embed-websocket-9.0.69.jar;D:\杂鱼\apache-maven-3.9.1\mvn_reps\org\springframework\spring-web\5.3.24\spring-web-5.3.24.jar;D:\杂鱼\apache-maven-3.9.1\mvn_reps\org\springframework\spring-beans\5.3.24\spring-beans-5.3.24.jar;D:\杂鱼\apache-maven-3.9.1\mvn_reps\org\springframework\spring-webmvc\5.3.24\spring-webmvc-5.3.24.jar;D:\杂鱼\apache-maven-3.9.1\mvn_reps\org\springframework\spring-aop\5.3.24\spring-aop-5.3.24.jar;D:\杂鱼\apache-maven-3.9.1\mvn_reps\org\springframework\spring-context\5.3.24\spring-context-5.3.24.jar;D:\杂鱼\apache-maven-3.9.1\mvn_reps\org\springframework\spring-expression\5.3.24\spring-expression-5.3.24.jar;D:\杂鱼\apache-maven-3.9.1\mvn_reps\com\mysql\mysql-connector-j\8.0.31\mysql-connector-j-8.0.31.jar;D:\杂鱼\apache-maven-3.9.1\mvn_reps\com\baomidou\mybatis-plus-boot-starter\3.5.2\mybatis-plus-boot-starter-3.5.2.jar;D:\杂鱼\apache-maven-3.9.1\mvn_reps\com\baomidou\mybatis-plus\3.5.2\mybatis-plus-3.5.2.jar;D:\杂鱼\apache-maven-3.9.1\mvn_reps\com\baomidou\mybatis-plus-extension\3.5.2\mybatis-plus-extension-3.5.2.jar;D:\杂鱼\apache-maven-3.9.1\mvn_reps\com\baomidou\mybatis-plus-core\3.5.2\mybatis-plus-core-3.5.2.jar;D:\杂鱼\apache-maven-3.9.1\mvn_reps\com\baomidou\mybatis-plus-annotation\3.5.2\mybatis-plus-annotation-3.5.2.jar;D:\杂鱼\apache-maven-3.9.1\mvn_reps\com\github\jsqlparser\jsqlparser\4.4\jsqlparser-4.4.jar;D:\杂鱼\apache-maven-3.9.1\mvn_reps\org\mybatis\mybatis\3.5.10\mybatis-3.5.10.jar;D:\杂鱼\apache-maven-3.9.1\mvn_reps\org\mybatis\mybatis-spring\2.0.7\mybatis-spring-2.0.7.jar;D:\杂鱼\apache-maven-3.9.1\mvn_reps\org\jetbrains\kotlin\kotlin-stdlib-jdk8\1.6.21\kotlin-stdlib-jdk8-1.6.21.jar;D:\杂鱼\apache-maven-3.9.1\mvn_reps\org\jetbrains\kotlin\kotlin-stdlib\1.6.21\kotlin-stdlib-1.6.21.jar;D:\杂鱼\apache-maven-3.9.1\mvn_reps\org\jetbrains\kotlin\kotlin-stdlib-common\1.6.21\kotlin-stdlib-common-1.6.21.jar;D:\杂鱼\apache-maven-3.9.1\mvn_reps\org\jetbrains\annotations\13.0\annotations-13.0.jar;D:\杂鱼\apache-maven-3.9.1\mvn_reps\org\jetbrains\kotlin\kotlin-stdlib-jdk7\1.6.21\kotlin-stdlib-jdk7-1.6.21.jar;D:\杂鱼\apache-maven-3.9.1\mvn_reps\org\springframework\boot\spring-boot-autoconfigure\2.7.6\spring-boot-autoconfigure-2.7.6.jar;D:\杂鱼\apache-maven-3.9.1\mvn_reps\org\springframework\boot\spring-boot-starter-jdbc\2.7.6\spring-boot-starter-jdbc-2.7.6.jar;D:\杂鱼\apache-maven-3.9.1\mvn_reps\com\zaxxer\HikariCP\4.0.3\HikariCP-4.0.3.jar;D:\杂鱼\apache-maven-3.9.1\mvn_reps\org\springframework\spring-jdbc\5.3.24\spring-jdbc-5.3.24.jar;D:\杂鱼\apache-maven-3.9.1\mvn_reps\com\baomidou\mybatis-plus-generator\3.5.2\mybatis-plus-generator-3.5.2.jar;D:\杂鱼\apache-maven-3.9.1\mvn_reps\org\freemarker\freemarker\2.3.27-incubating\freemarker-2.3.27-incubating.jar;D:\杂鱼\apache-maven-3.9.1\mvn_reps\org\projectlombok\lombok\1.18.20\lombok-1.18.20.jar;D:\杂鱼\apache-maven-3.9.1\mvn_reps\org\springframework\boot\spring-boot-starter\2.7.6\spring-boot-starter-2.7.6.jar;D:\杂鱼\apache-maven-3.9.1\mvn_reps\org\springframework\boot\spring-boot\2.7.6\spring-boot-2.7.6.jar;D:\杂鱼\apache-maven-3.9.1\mvn_reps\org\springframework\boot\spring-boot-starter-logging\2.7.6\spring-boot-starter-logging-2.7.6.jar;D:\杂鱼\apache-maven-3.9.1\mvn_reps\ch\qos\logback\logback-classic\1.2.11\logback-classic-1.2.11.jar;D:\杂鱼\apache-maven-3.9.1\mvn_reps\ch\qos\logback\logback-core\1.2.11\logback-core-1.2.11.jar;D:\杂鱼\apache-maven-3.9.1\mvn_reps\org\apache\logging\log4j\log4j-to-slf4j\2.17.2\log4j-to-slf4j-2.17.2.jar;D:\杂鱼\apache-maven-3.9.1\mvn_reps\org\apache\logging\log4j\log4j-api\2.17.2\log4j-api-2.17.2.jar;D:\杂鱼\apache-maven-3.9.1\mvn_reps\org\slf4j\jul-to-slf4j\1.7.36\jul-to-slf4j-1.7.36.jar;D:\杂鱼\apache-maven-3.9.1\mvn_reps\jakarta\annotation\jakarta.annotation-api\1.3.5\jakarta.annotation-api-1.3.5.jar;D:\杂鱼\apache-maven-3.9.1\mvn_reps\org\springframework\spring-core\5.3.24\spring-core-5.3.24.jar;D:\杂鱼\apache-maven-3.9.1\mvn_reps\org\springframework\spring-jcl\5.3.24\spring-jcl-5.3.24.jar;D:\杂鱼\apache-maven-3.9.1\mvn_reps\org\yaml\snakeyaml\1.30\snakeyaml-1.30.jar;D:\杂鱼\apache-maven-3.9.1\mvn_reps\org\springframework\boot\spring-boot-starter-test\2.7.6\spring-boot-starter-test-2.7.6.jar;D:\杂鱼\apache-maven-3.9.1\mvn_reps\org\springframework\boot\spring-boot-test\2.7.6\spring-boot-test-2.7.6.jar;D:\杂鱼\apache-maven-3.9.1\mvn_reps\org\springframework\boot\spring-boot-test-autoconfigure\2.7.6\spring-boot-test-autoconfigure-2.7.6.jar;D:\杂鱼\apache-maven-3.9.1\mvn_reps\com\jayway\jsonpath\json-path\2.7.0\json-path-2.7.0.jar;D:\杂鱼\apache-maven-3.9.1\mvn_reps\net\minidev\json-smart\2.4.8\json-smart-2.4.8.jar;D:\杂鱼\apache-maven-3.9.1\mvn_reps\net\minidev\accessors-smart\2.4.8\accessors-smart-2.4.8.jar;D:\杂鱼\apache-maven-3.9.1\mvn_reps\org\ow2\asm\asm\9.1\asm-9.1.jar;D:\杂鱼\apache-maven-3.9.1\mvn_reps\org\slf4j\slf4j-api\1.7.36\slf4j-api-1.7.36.jar;D:\杂鱼\apache-maven-3.9.1\mvn_reps\jakarta\xml\bind\jakarta.xml.bind-api\2.3.3\jakarta.xml.bind-api-2.3.3.jar;D:\杂鱼\apache-maven-3.9.1\mvn_reps\jakarta\activation\jakarta.activation-api\1.2.2\jakarta.activation-api-1.2.2.jar;D:\杂鱼\apache-maven-3.9.1\mvn_reps\org\assertj\assertj-core\3.22.0\assertj-core-3.22.0.jar;D:\杂鱼\apache-maven-3.9.1\mvn_reps\org\hamcrest\hamcrest\2.2\hamcrest-2.2.jar;D:\杂鱼\apache-maven-3.9.1\mvn_reps\org\junit\jupiter\junit-jupiter\5.8.2\junit-jupiter-5.8.2.jar;D:\杂鱼\apache-maven-3.9.1\mvn_reps\org\junit\jupiter\junit-jupiter-params\5.8.2\junit-jupiter-params-5.8.2.jar;D:\杂鱼\apache-maven-3.9.1\mvn_reps\org\mockito\mockito-core\4.5.1\mockito-core-4.5.1.jar;D:\杂鱼\apache-maven-3.9.1\mvn_reps\net\bytebuddy\byte-buddy\1.12.19\byte-buddy-1.12.19.jar;D:\杂鱼\apache-maven-3.9.1\mvn_reps\net\bytebuddy\byte-buddy-agent\1.12.19\byte-buddy-agent-1.12.19.jar;D:\杂鱼\apache-maven-3.9.1\mvn_reps\org\objenesis\objenesis\3.2\objenesis-3.2.jar;D:\杂鱼\apache-maven-3.9.1\mvn_reps\org\mockito\mockito-junit-jupiter\4.5.1\mockito-junit-jupiter-4.5.1.jar;D:\杂鱼\apache-maven-3.9.1\mvn_reps\org\skyscreamer\jsonassert\1.5.1\jsonassert-1.5.1.jar;D:\杂鱼\apache-maven-3.9.1\mvn_reps\com\vaadin\external\google\android-json\0.0.20131108.vaadin1\android-json-0.0.20131108.vaadin1.jar;D:\杂鱼\apache-maven-3.9.1\mvn_reps\org\springframework\spring-test\5.3.24\spring-test-5.3.24.jar;D:\杂鱼\apache-maven-3.9.1\mvn_reps\org\xmlunit\xmlunit-core\2.9.0\xmlunit-core-2.9.0.jar;D:\杂鱼\apache-maven-3.9.1\mvn_reps\org\springframework\boot\spring-boot-starter-data-redis\3.1.2\spring-boot-starter-data-redis-3.1.2.jar;D:\杂鱼\apache-maven-3.9.1\mvn_reps\org\springframework\data\spring-data-redis\2.7.6\spring-data-redis-2.7.6.jar;D:\杂鱼\apache-maven-3.9.1\mvn_reps\org\springframework\data\spring-data-keyvalue\2.7.6\spring-data-keyvalue-2.7.6.jar;D:\杂鱼\apache-maven-3.9.1\mvn_reps\org\springframework\data\spring-data-commons\2.7.6\spring-data-commons-2.7.6.jar;D:\杂鱼\apache-maven-3.9.1\mvn_reps\org\springframework\spring-tx\5.3.24\spring-tx-5.3.24.jar;D:\杂鱼\apache-maven-3.9.1\mvn_reps\org\springframework\spring-oxm\5.3.24\spring-oxm-5.3.24.jar;D:\杂鱼\apache-maven-3.9.1\mvn_reps\org\springframework\spring-context-support\5.3.24\spring-context-support-5.3.24.jar;D:\杂鱼\apache-maven-3.9.1\mvn_reps\io\lettuce\lettuce-core\6.1.10.RELEASE\lettuce-core-6.1.10.RELEASE.jar;D:\杂鱼\apache-maven-3.9.1\mvn_reps\io\netty\netty-common\4.1.85.Final\netty-common-4.1.85.Final.jar;D:\杂鱼\apache-maven-3.9.1\mvn_reps\io\netty\netty-handler\4.1.85.Final\netty-handler-4.1.85.Final.jar;D:\杂鱼\apache-maven-3.9.1\mvn_reps\io\netty\netty-resolver\4.1.85.Final\netty-resolver-4.1.85.Final.jar;D:\杂鱼\apache-maven-3.9.1\mvn_reps\io\netty\netty-buffer\4.1.85.Final\netty-buffer-4.1.85.Final.jar;D:\杂鱼\apache-maven-3.9.1\mvn_reps\io\netty\netty-transport-native-unix-common\4.1.85.Final\netty-transport-native-unix-common-4.1.85.Final.jar;D:\杂鱼\apache-maven-3.9.1\mvn_reps\io\netty\netty-codec\4.1.85.Final\netty-codec-4.1.85.Final.jar;D:\杂鱼\apache-maven-3.9.1\mvn_reps\io\netty\netty-transport\4.1.85.Final\netty-transport-4.1.85.Final.jar;D:\杂鱼\apache-maven-3.9.1\mvn_reps\io\projectreactor\reactor-core\3.4.25\reactor-core-3.4.25.jar;D:\杂鱼\apache-maven-3.9.1\mvn_reps\org\reactivestreams\reactive-streams\1.0.4\reactive-streams-1.0.4.jar;D:\杂鱼\apache-maven-3.9.1\mvn_reps\com\alibaba\fastjson2\fastjson2\2.0.7\fastjson2-2.0.7.jar;D:\杂鱼\apache-maven-3.9.1\mvn_reps\com\auth0\java-jwt\3.4.0\java-jwt-3.4.0.jar;D:\杂鱼\apache-maven-3.9.1\mvn_reps\com\fasterxml\jackson\core\jackson-databind\2.13.4.2\jackson-databind-2.13.4.2.jar;D:\杂鱼\apache-maven-3.9.1\mvn_reps\com\fasterxml\jackson\core\jackson-annotations\2.13.4\jackson-annotations-2.13.4.jar;D:\杂鱼\apache-maven-3.9.1\mvn_reps\com\fasterxml\jackson\core\jackson-core\2.13.4\jackson-core-2.13.4.jar;D:\杂鱼\apache-maven-3.9.1\mvn_reps\org\apache\commons\commons-lang3\3.12.0\commons-lang3-3.12.0.jar;D:\杂鱼\apache-maven-3.9.1\mvn_reps\commons-io\commons-io\2.13.0\commons-io-2.13.0.jar;D:\杂鱼\apache-maven-3.9.1\mvn_reps\commons-codec\commons-codec\1.15\commons-codec-1.15.jar;D:\杂鱼\apache-maven-3.9.1\mvn_reps\org\springframework\boot\spring-boot-starter-websocket\2.7.6\spring-boot-starter-websocket-2.7.6.jar;D:\杂鱼\apache-maven-3.9.1\mvn_reps\org\springframework\spring-messaging\5.3.24\spring-messaging-5.3.24.jar;D:\杂鱼\apache-maven-3.9.1\mvn_reps\org\springframework\spring-websocket\5.3.24\spring-websocket-5.3.24.jar;D:\杂鱼\apache-maven-3.9.1\mvn_reps\org\junit\jupiter\junit-jupiter-engine\5.6.3\junit-jupiter-engine-5.6.3.jar;D:\杂鱼\apache-maven-3.9.1\mvn_reps\org\apiguardian\apiguardian-api\1.1.0\apiguardian-api-1.1.0.jar;D:\杂鱼\apache-maven-3.9.1\mvn_reps\org\junit\platform\junit-platform-engine\1.8.2\junit-platform-engine-1.8.2.jar;D:\杂鱼\apache-maven-3.9.1\mvn_reps\org\opentest4j\opentest4j\1.2.0\opentest4j-1.2.0.jar;D:\杂鱼\apache-maven-3.9.1\mvn_reps\org\junit\platform\junit-platform-commons\1.8.2\junit-platform-commons-1.8.2.jar;D:\杂鱼\apache-maven-3.9.1\mvn_reps\org\junit\jupiter\junit-jupiter-api\5.8.2\junit-jupiter-api-5.8.2.jar;"/>
    <property name="java.vm.vendor" value="Oracle Corporation"/>
    <property name="sun.arch.data.model" value="64"/>
    <property name="user.variant" value=""/>
    <property name="java.vendor.url" value="http://java.oracle.com/"/>
    <property name="user.timezone" value="Asia/Shanghai"/>
    <property name="java.vm.specification.version" value="1.8"/>
    <property name="os.name" value="Windows 10"/>
    <property name="user.country" value="CN"/>
    <property name="sun.java.launcher" value="SUN_STANDARD"/>
    <property name="sun.boot.library.path" value="C:\Program Files\Java\jdk1.8.0_221\jre\bin"/>
    <property name="sun.java.command" value="C:\Users\yxz\AppData\Local\Temp\surefire8538482557691536594\surefirebooter2724658416648578016.jar C:\Users\yxz\AppData\Local\Temp\surefire8538482557691536594 2024-06-28T12-15-39_037-jvmRun1 surefire5992718593512968208tmp surefire_0306137540087115626tmp"/>
    <property name="surefire.test.class.path" value="D:\个人\课\软件实践\2\Sept-2-tomato\target\test-classes;D:\个人\课\软件实践\2\Sept-2-tomato\target\classes;D:\杂鱼\apache-maven-3.9.1\mvn_reps\org\springframework\boot\spring-boot-starter-web\3.0.5\spring-boot-starter-web-3.0.5.jar;D:\杂鱼\apache-maven-3.9.1\mvn_reps\org\springframework\boot\spring-boot-starter-json\2.7.6\spring-boot-starter-json-2.7.6.jar;D:\杂鱼\apache-maven-3.9.1\mvn_reps\com\fasterxml\jackson\datatype\jackson-datatype-jdk8\2.13.4\jackson-datatype-jdk8-2.13.4.jar;D:\杂鱼\apache-maven-3.9.1\mvn_reps\com\fasterxml\jackson\datatype\jackson-datatype-jsr310\2.13.4\jackson-datatype-jsr310-2.13.4.jar;D:\杂鱼\apache-maven-3.9.1\mvn_reps\com\fasterxml\jackson\module\jackson-module-parameter-names\2.13.4\jackson-module-parameter-names-2.13.4.jar;D:\杂鱼\apache-maven-3.9.1\mvn_reps\org\springframework\boot\spring-boot-starter-tomcat\2.7.6\spring-boot-starter-tomcat-2.7.6.jar;D:\杂鱼\apache-maven-3.9.1\mvn_reps\org\apache\tomcat\embed\tomcat-embed-core\9.0.69\tomcat-embed-core-9.0.69.jar;D:\杂鱼\apache-maven-3.9.1\mvn_reps\org\apache\tomcat\embed\tomcat-embed-el\9.0.69\tomcat-embed-el-9.0.69.jar;D:\杂鱼\apache-maven-3.9.1\mvn_reps\org\apache\tomcat\embed\tomcat-embed-websocket\9.0.69\tomcat-embed-websocket-9.0.69.jar;D:\杂鱼\apache-maven-3.9.1\mvn_reps\org\springframework\spring-web\5.3.24\spring-web-5.3.24.jar;D:\杂鱼\apache-maven-3.9.1\mvn_reps\org\springframework\spring-beans\5.3.24\spring-beans-5.3.24.jar;D:\杂鱼\apache-maven-3.9.1\mvn_reps\org\springframework\spring-webmvc\5.3.24\spring-webmvc-5.3.24.jar;D:\杂鱼\apache-maven-3.9.1\mvn_reps\org\springframework\spring-aop\5.3.24\spring-aop-5.3.24.jar;D:\杂鱼\apache-maven-3.9.1\mvn_reps\org\springframework\spring-context\5.3.24\spring-context-5.3.24.jar;D:\杂鱼\apache-maven-3.9.1\mvn_reps\org\springframework\spring-expression\5.3.24\spring-expression-5.3.24.jar;D:\杂鱼\apache-maven-3.9.1\mvn_reps\com\mysql\mysql-connector-j\8.0.31\mysql-connector-j-8.0.31.jar;D:\杂鱼\apache-maven-3.9.1\mvn_reps\com\baomidou\mybatis-plus-boot-starter\3.5.2\mybatis-plus-boot-starter-3.5.2.jar;D:\杂鱼\apache-maven-3.9.1\mvn_reps\com\baomidou\mybatis-plus\3.5.2\mybatis-plus-3.5.2.jar;D:\杂鱼\apache-maven-3.9.1\mvn_reps\com\baomidou\mybatis-plus-extension\3.5.2\mybatis-plus-extension-3.5.2.jar;D:\杂鱼\apache-maven-3.9.1\mvn_reps\com\baomidou\mybatis-plus-core\3.5.2\mybatis-plus-core-3.5.2.jar;D:\杂鱼\apache-maven-3.9.1\mvn_reps\com\baomidou\mybatis-plus-annotation\3.5.2\mybatis-plus-annotation-3.5.2.jar;D:\杂鱼\apache-maven-3.9.1\mvn_reps\com\github\jsqlparser\jsqlparser\4.4\jsqlparser-4.4.jar;D:\杂鱼\apache-maven-3.9.1\mvn_reps\org\mybatis\mybatis\3.5.10\mybatis-3.5.10.jar;D:\杂鱼\apache-maven-3.9.1\mvn_reps\org\mybatis\mybatis-spring\2.0.7\mybatis-spring-2.0.7.jar;D:\杂鱼\apache-maven-3.9.1\mvn_reps\org\jetbrains\kotlin\kotlin-stdlib-jdk8\1.6.21\kotlin-stdlib-jdk8-1.6.21.jar;D:\杂鱼\apache-maven-3.9.1\mvn_reps\org\jetbrains\kotlin\kotlin-stdlib\1.6.21\kotlin-stdlib-1.6.21.jar;D:\杂鱼\apache-maven-3.9.1\mvn_reps\org\jetbrains\kotlin\kotlin-stdlib-common\1.6.21\kotlin-stdlib-common-1.6.21.jar;D:\杂鱼\apache-maven-3.9.1\mvn_reps\org\jetbrains\annotations\13.0\annotations-13.0.jar;D:\杂鱼\apache-maven-3.9.1\mvn_reps\org\jetbrains\kotlin\kotlin-stdlib-jdk7\1.6.21\kotlin-stdlib-jdk7-1.6.21.jar;D:\杂鱼\apache-maven-3.9.1\mvn_reps\org\springframework\boot\spring-boot-autoconfigure\2.7.6\spring-boot-autoconfigure-2.7.6.jar;D:\杂鱼\apache-maven-3.9.1\mvn_reps\org\springframework\boot\spring-boot-starter-jdbc\2.7.6\spring-boot-starter-jdbc-2.7.6.jar;D:\杂鱼\apache-maven-3.9.1\mvn_reps\com\zaxxer\HikariCP\4.0.3\HikariCP-4.0.3.jar;D:\杂鱼\apache-maven-3.9.1\mvn_reps\org\springframework\spring-jdbc\5.3.24\spring-jdbc-5.3.24.jar;D:\杂鱼\apache-maven-3.9.1\mvn_reps\com\baomidou\mybatis-plus-generator\3.5.2\mybatis-plus-generator-3.5.2.jar;D:\杂鱼\apache-maven-3.9.1\mvn_reps\org\freemarker\freemarker\2.3.27-incubating\freemarker-2.3.27-incubating.jar;D:\杂鱼\apache-maven-3.9.1\mvn_reps\org\projectlombok\lombok\1.18.20\lombok-1.18.20.jar;D:\杂鱼\apache-maven-3.9.1\mvn_reps\org\springframework\boot\spring-boot-starter\2.7.6\spring-boot-starter-2.7.6.jar;D:\杂鱼\apache-maven-3.9.1\mvn_reps\org\springframework\boot\spring-boot\2.7.6\spring-boot-2.7.6.jar;D:\杂鱼\apache-maven-3.9.1\mvn_reps\org\springframework\boot\spring-boot-starter-logging\2.7.6\spring-boot-starter-logging-2.7.6.jar;D:\杂鱼\apache-maven-3.9.1\mvn_reps\ch\qos\logback\logback-classic\1.2.11\logback-classic-1.2.11.jar;D:\杂鱼\apache-maven-3.9.1\mvn_reps\ch\qos\logback\logback-core\1.2.11\logback-core-1.2.11.jar;D:\杂鱼\apache-maven-3.9.1\mvn_reps\org\apache\logging\log4j\log4j-to-slf4j\2.17.2\log4j-to-slf4j-2.17.2.jar;D:\杂鱼\apache-maven-3.9.1\mvn_reps\org\apache\logging\log4j\log4j-api\2.17.2\log4j-api-2.17.2.jar;D:\杂鱼\apache-maven-3.9.1\mvn_reps\org\slf4j\jul-to-slf4j\1.7.36\jul-to-slf4j-1.7.36.jar;D:\杂鱼\apache-maven-3.9.1\mvn_reps\jakarta\annotation\jakarta.annotation-api\1.3.5\jakarta.annotation-api-1.3.5.jar;D:\杂鱼\apache-maven-3.9.1\mvn_reps\org\springframework\spring-core\5.3.24\spring-core-5.3.24.jar;D:\杂鱼\apache-maven-3.9.1\mvn_reps\org\springframework\spring-jcl\5.3.24\spring-jcl-5.3.24.jar;D:\杂鱼\apache-maven-3.9.1\mvn_reps\org\yaml\snakeyaml\1.30\snakeyaml-1.30.jar;D:\杂鱼\apache-maven-3.9.1\mvn_reps\org\springframework\boot\spring-boot-starter-test\2.7.6\spring-boot-starter-test-2.7.6.jar;D:\杂鱼\apache-maven-3.9.1\mvn_reps\org\springframework\boot\spring-boot-test\2.7.6\spring-boot-test-2.7.6.jar;D:\杂鱼\apache-maven-3.9.1\mvn_reps\org\springframework\boot\spring-boot-test-autoconfigure\2.7.6\spring-boot-test-autoconfigure-2.7.6.jar;D:\杂鱼\apache-maven-3.9.1\mvn_reps\com\jayway\jsonpath\json-path\2.7.0\json-path-2.7.0.jar;D:\杂鱼\apache-maven-3.9.1\mvn_reps\net\minidev\json-smart\2.4.8\json-smart-2.4.8.jar;D:\杂鱼\apache-maven-3.9.1\mvn_reps\net\minidev\accessors-smart\2.4.8\accessors-smart-2.4.8.jar;D:\杂鱼\apache-maven-3.9.1\mvn_reps\org\ow2\asm\asm\9.1\asm-9.1.jar;D:\杂鱼\apache-maven-3.9.1\mvn_reps\org\slf4j\slf4j-api\1.7.36\slf4j-api-1.7.36.jar;D:\杂鱼\apache-maven-3.9.1\mvn_reps\jakarta\xml\bind\jakarta.xml.bind-api\2.3.3\jakarta.xml.bind-api-2.3.3.jar;D:\杂鱼\apache-maven-3.9.1\mvn_reps\jakarta\activation\jakarta.activation-api\1.2.2\jakarta.activation-api-1.2.2.jar;D:\杂鱼\apache-maven-3.9.1\mvn_reps\org\assertj\assertj-core\3.22.0\assertj-core-3.22.0.jar;D:\杂鱼\apache-maven-3.9.1\mvn_reps\org\hamcrest\hamcrest\2.2\hamcrest-2.2.jar;D:\杂鱼\apache-maven-3.9.1\mvn_reps\org\junit\jupiter\junit-jupiter\5.8.2\junit-jupiter-5.8.2.jar;D:\杂鱼\apache-maven-3.9.1\mvn_reps\org\junit\jupiter\junit-jupiter-params\5.8.2\junit-jupiter-params-5.8.2.jar;D:\杂鱼\apache-maven-3.9.1\mvn_reps\org\mockito\mockito-core\4.5.1\mockito-core-4.5.1.jar;D:\杂鱼\apache-maven-3.9.1\mvn_reps\net\bytebuddy\byte-buddy\1.12.19\byte-buddy-1.12.19.jar;D:\杂鱼\apache-maven-3.9.1\mvn_reps\net\bytebuddy\byte-buddy-agent\1.12.19\byte-buddy-agent-1.12.19.jar;D:\杂鱼\apache-maven-3.9.1\mvn_reps\org\objenesis\objenesis\3.2\objenesis-3.2.jar;D:\杂鱼\apache-maven-3.9.1\mvn_reps\org\mockito\mockito-junit-jupiter\4.5.1\mockito-junit-jupiter-4.5.1.jar;D:\杂鱼\apache-maven-3.9.1\mvn_reps\org\skyscreamer\jsonassert\1.5.1\jsonassert-1.5.1.jar;D:\杂鱼\apache-maven-3.9.1\mvn_reps\com\vaadin\external\google\android-json\0.0.20131108.vaadin1\android-json-0.0.20131108.vaadin1.jar;D:\杂鱼\apache-maven-3.9.1\mvn_reps\org\springframework\spring-test\5.3.24\spring-test-5.3.24.jar;D:\杂鱼\apache-maven-3.9.1\mvn_reps\org\xmlunit\xmlunit-core\2.9.0\xmlunit-core-2.9.0.jar;D:\杂鱼\apache-maven-3.9.1\mvn_reps\org\springframework\boot\spring-boot-starter-data-redis\3.1.2\spring-boot-starter-data-redis-3.1.2.jar;D:\杂鱼\apache-maven-3.9.1\mvn_reps\org\springframework\data\spring-data-redis\2.7.6\spring-data-redis-2.7.6.jar;D:\杂鱼\apache-maven-3.9.1\mvn_reps\org\springframework\data\spring-data-keyvalue\2.7.6\spring-data-keyvalue-2.7.6.jar;D:\杂鱼\apache-maven-3.9.1\mvn_reps\org\springframework\data\spring-data-commons\2.7.6\spring-data-commons-2.7.6.jar;D:\杂鱼\apache-maven-3.9.1\mvn_reps\org\springframework\spring-tx\5.3.24\spring-tx-5.3.24.jar;D:\杂鱼\apache-maven-3.9.1\mvn_reps\org\springframework\spring-oxm\5.3.24\spring-oxm-5.3.24.jar;D:\杂鱼\apache-maven-3.9.1\mvn_reps\org\springframework\spring-context-support\5.3.24\spring-context-support-5.3.24.jar;D:\杂鱼\apache-maven-3.9.1\mvn_reps\io\lettuce\lettuce-core\6.1.10.RELEASE\lettuce-core-6.1.10.RELEASE.jar;D:\杂鱼\apache-maven-3.9.1\mvn_reps\io\netty\netty-common\4.1.85.Final\netty-common-4.1.85.Final.jar;D:\杂鱼\apache-maven-3.9.1\mvn_reps\io\netty\netty-handler\4.1.85.Final\netty-handler-4.1.85.Final.jar;D:\杂鱼\apache-maven-3.9.1\mvn_reps\io\netty\netty-resolver\4.1.85.Final\netty-resolver-4.1.85.Final.jar;D:\杂鱼\apache-maven-3.9.1\mvn_reps\io\netty\netty-buffer\4.1.85.Final\netty-buffer-4.1.85.Final.jar;D:\杂鱼\apache-maven-3.9.1\mvn_reps\io\netty\netty-transport-native-unix-common\4.1.85.Final\netty-transport-native-unix-common-4.1.85.Final.jar;D:\杂鱼\apache-maven-3.9.1\mvn_reps\io\netty\netty-codec\4.1.85.Final\netty-codec-4.1.85.Final.jar;D:\杂鱼\apache-maven-3.9.1\mvn_reps\io\netty\netty-transport\4.1.85.Final\netty-transport-4.1.85.Final.jar;D:\杂鱼\apache-maven-3.9.1\mvn_reps\io\projectreactor\reactor-core\3.4.25\reactor-core-3.4.25.jar;D:\杂鱼\apache-maven-3.9.1\mvn_reps\org\reactivestreams\reactive-streams\1.0.4\reactive-streams-1.0.4.jar;D:\杂鱼\apache-maven-3.9.1\mvn_reps\com\alibaba\fastjson2\fastjson2\2.0.7\fastjson2-2.0.7.jar;D:\杂鱼\apache-maven-3.9.1\mvn_reps\com\auth0\java-jwt\3.4.0\java-jwt-3.4.0.jar;D:\杂鱼\apache-maven-3.9.1\mvn_reps\com\fasterxml\jackson\core\jackson-databind\2.13.4.2\jackson-databind-2.13.4.2.jar;D:\杂鱼\apache-maven-3.9.1\mvn_reps\com\fasterxml\jackson\core\jackson-annotations\2.13.4\jackson-annotations-2.13.4.jar;D:\杂鱼\apache-maven-3.9.1\mvn_reps\com\fasterxml\jackson\core\jackson-core\2.13.4\jackson-core-2.13.4.jar;D:\杂鱼\apache-maven-3.9.1\mvn_reps\org\apache\commons\commons-lang3\3.12.0\commons-lang3-3.12.0.jar;D:\杂鱼\apache-maven-3.9.1\mvn_reps\commons-io\commons-io\2.13.0\commons-io-2.13.0.jar;D:\杂鱼\apache-maven-3.9.1\mvn_reps\commons-codec\commons-codec\1.15\commons-codec-1.15.jar;D:\杂鱼\apache-maven-3.9.1\mvn_reps\org\springframework\boot\spring-boot-starter-websocket\2.7.6\spring-boot-starter-websocket-2.7.6.jar;D:\杂鱼\apache-maven-3.9.1\mvn_reps\org\springframework\spring-messaging\5.3.24\spring-messaging-5.3.24.jar;D:\杂鱼\apache-maven-3.9.1\mvn_reps\org\springframework\spring-websocket\5.3.24\spring-websocket-5.3.24.jar;D:\杂鱼\apache-maven-3.9.1\mvn_reps\org\junit\jupiter\junit-jupiter-engine\5.6.3\junit-jupiter-engine-5.6.3.jar;D:\杂鱼\apache-maven-3.9.1\mvn_reps\org\apiguardian\apiguardian-api\1.1.0\apiguardian-api-1.1.0.jar;D:\杂鱼\apache-maven-3.9.1\mvn_reps\org\junit\platform\junit-platform-engine\1.8.2\junit-platform-engine-1.8.2.jar;D:\杂鱼\apache-maven-3.9.1\mvn_reps\org\opentest4j\opentest4j\1.2.0\opentest4j-1.2.0.jar;D:\杂鱼\apache-maven-3.9.1\mvn_reps\org\junit\platform\junit-platform-commons\1.8.2\junit-platform-commons-1.8.2.jar;D:\杂鱼\apache-maven-3.9.1\mvn_reps\org\junit\jupiter\junit-jupiter-api\5.8.2\junit-jupiter-api-5.8.2.jar;"/>
    <property name="sun.cpu.endian" value="little"/>
    <property name="user.home" value="C:\Users\yxz"/>
    <property name="user.language" value="zh"/>
    <property name="java.specification.vendor" value="Oracle Corporation"/>
    <property name="java.home" value="C:\Program Files\Java\jdk1.8.0_221\jre"/>
    <property name="basedir" value="D:\个人\课\软件实践\2\Sept-2-tomato"/>
    <property name="file.separator" value="\"/>
    <property name="line.separator" value="&#10;"/>
    <property name="java.vm.specification.vendor" value="Oracle Corporation"/>
    <property name="java.specification.name" value="Java Platform API Specification"/>
    <property name="java.awt.graphicsenv" value="sun.awt.Win32GraphicsEnvironment"/>
    <property name="surefire.real.class.path" value="C:\Users\yxz\AppData\Local\Temp\surefire8538482557691536594\surefirebooter2724658416648578016.jar"/>
    <property name="sun.boot.class.path" value="C:\Program Files\Java\jdk1.8.0_221\jre\lib\resources.jar;C:\Program Files\Java\jdk1.8.0_221\jre\lib\rt.jar;C:\Program Files\Java\jdk1.8.0_221\jre\lib\sunrsasign.jar;C:\Program Files\Java\jdk1.8.0_221\jre\lib\jsse.jar;C:\Program Files\Java\jdk1.8.0_221\jre\lib\jce.jar;C:\Program Files\Java\jdk1.8.0_221\jre\lib\charsets.jar;C:\Program Files\Java\jdk1.8.0_221\jre\lib\jfr.jar;C:\Program Files\Java\jdk1.8.0_221\jre\classes"/>
    <property name="user.script" value=""/>
    <property name="sun.management.compiler" value="HotSpot 64-Bit Tiered Compilers"/>
    <property name="java.runtime.version" value="1.8.0_221-b11"/>
    <property name="user.name" value="yxz"/>
    <property name="path.separator" value=";"/>
    <property name="os.version" value="10.0"/>
    <property name="java.endorsed.dirs" value="C:\Program Files\Java\jdk1.8.0_221\jre\lib\endorsed"/>
    <property name="java.runtime.name" value="Java(TM) SE Runtime Environment"/>
    <property name="file.encoding" value="GBK"/>
    <property name="java.vm.name" value="Java HotSpot(TM) 64-Bit Server VM"/>
    <property name="localRepository" value="D:\杂鱼\apache-maven-3.9.1\mvn_reps"/>
    <property name="java.vendor.url.bug" value="http://bugreport.sun.com/bugreport/"/>
    <property name="java.io.tmpdir" value="C:\Users\yxz\AppData\Local\Temp\"/>
    <property name="java.version" value="1.8.0_221"/>
    <property name="user.dir" value="D:\个人\课\软件实践\2\Sept-2-tomato"/>
    <property name="os.arch" value="amd64"/>
    <property name="java.vm.specification.name" value="Java Virtual Machine Specification"/>
    <property name="java.awt.printerjob" value="sun.awt.windows.WPrinterJob"/>
    <property name="sun.os.patch.level" value=""/>
    <property name="java.library.path" value="C:\Program Files\Java\jdk1.8.0_221\jre\bin;C:\Windows\Sun\Java\bin;C:\Windows\system32;C:\Windows;D:\杂鱼\VMware\bin\;C:\ProgramData\Oracle\Java\javapath;C:\Program Files (x86)\Common Files\Oracle\Java\javapath;C:\Windows\system32;C:\Windows;C:\Windows\System32\Wbem;C:\Windows\System32\WindowsPowerShell\v1.0\;C:\Windows\System32\OpenSSH\;C:\Program Files (x86)\NVIDIA Corporation\PhysX\Common;C:\Program Files\NVIDIA Corporation\NVIDIA NvDLISR;C:\Program Files\dotnet\;C:\Program Files\Java\jdk1.8.0_221\bin;&quot;C:\Program Files\Java\jdk1.8.0_221\bin;&quot;;&quot;C:\Program Files\Java\jdk1.8.0_221\jre\bin;&quot;;D:\matlab\runtime\win64;D:\matlab\bin;D:\riscv\gcc\bin;D:\mysql-5.7.28-winx64\mysql-5.7.28-winx64\bin;D:\gittt\Git\cmd;D:\杂鱼\apache-maven-3.9.1\bin;C:\Program Files\Microsoft SQL Server\150\Tools\Binn\;C:\Program Files\Microsoft SQL Server\Client SDK\ODBC\170\Tools\Binn\;D:\python3.10;D:\杂鱼\apache-tomcat-8.5.95\bin;D:\杂鱼\nodejs;C:\ProgramData\Microsoft\Windows\Start Menu\Programs\Node.js;D:\杂鱼\nodejs\node_modules\npm\bin;D:\杂鱼\nodejs\node_global\node_modules;C:\Users\yxz\.cargo\bin;D:\python3.10\Scripts\;D:\python3.10\;C:\Users\yxz\AppData\Local\Microsoft\WindowsApps;C:\Program Files\Bandizip\;C:\Users\yxz\.dotnet\tools;D:\杂鱼\nodejs\node_cache;D:\新建文件夹\PyCharm Community Edition 2023.3.3\bin;;D:\杂鱼\nodejs\node_global;;."/>
    <property name="java.vm.info" value="mixed mode"/>
    <property name="java.vendor" value="Oracle Corporation"/>
    <property name="java.vm.version" value="25.221-b11"/>
    <property name="java.ext.dirs" value="C:\Program Files\Java\jdk1.8.0_221\jre\lib\ext;C:\Windows\Sun\Java\lib\ext"/>
    <property name="sun.io.unicode.encoding" value="UnicodeLittle"/>
    <property name="java.class.version" value="52.0"/>
  </properties>
  <testcase name="testUpdatePlayer" classname="com.example.back.sys.service.RoomServiceTest" time="0.011"/>
  <testcase name="testFindRoomByRoomId" classname="com.example.back.sys.service.RoomServiceTest" time="0.004"/>
  <testcase name="testCheckItemsInRoom" classname="com.example.back.sys.service.RoomServiceTest" time="0.007"/>
</testsuite>